
###
2014-06-09 13:19:31.977000
Settlement Date From 01/01/2013  To 01/05/2013
Results Saved to H:\Fnancial Mkt\ISS
Total Case Number: 0

###
2014-06-09 13:25:28.692000
Settlement Date From 01/01/2013  To 01/05/2013
Results Saved to H:\Fnancial Mkt\ISS
Total Case Number: 0

###

###
2014-06-09 13:28:20.906000
Settlement Date From 01/01/2013  To 12/31/2013
Results Saved to H:\Fnancial Mkt\ISS

###
2014-06-09 13:30:47.774000
Settlement Date From 01/01/2013  To 01/31/2013
Results Saved to H:\Fnancial Mkt\ISS

###
2014-06-09 13:32:50.851000
Settlement Date From 01/01/2013  To 01/31/2013
Results Saved to H:\Fnancial Mkt\ISS

###
2014-06-09 13:33:44.678000
Settlement Date From 01/01/2013  To 01/31/2013
Results Saved to H:\Fnancial Mkt\ISS
Total Case Number: 14

###
2014-06-09 13:39:58.380000
Settlement Date From 01/01/2013  To 01/31/2013
Results Saved to H:\Fnancial Mkt\ISS
Total Case Number: 14

###
2014-06-09 13:46:54.727000
Settlement Date From 01/01/2013  To 01/31/2013
Results Saved to H:\Fnancial Mkt\ISS
Total Case Number: 14

###
2014-06-09 13:54:09.504000
Settlement Date From 01/01/2013  To 01/31/2013
Results Saved to H:\Fnancial Mkt\ISS
Total Case Number: 14

###
2014-06-09 13:57:53.170000
Settlement Date From 01/01/2013  To 01/31/2013
Results Saved to H:\Fnancial Mkt\ISS
Total Case Number: 14

###
2014-06-09 14:07:32.329000
Settlement Date From 01/01/2013  To 01/31/2013
Results Saved to H:\Fnancial Mkt\ISS
Total Case Number: 14

###
2014-06-09 14:11:46.799000
Settlement Date From 01/01/2013  To 01/31/2013
Results Saved to H:\Fnancial Mkt\ISS
Total Case Number: 14

###
